Removed Pin From Net: NetName=NetR9_2 Pin=SW_BOOT-1
Removed Pin From Net: NetName=GYRO_1_CS Pin=SW_BOOT-4
Removed Pin From Net: NetName=NetR8_2 Pin=SW_RST-1
Removed Pin From Net: NetName=GYRO_1_CS Pin=SW_RST-4
Removed Member From Class: ClassName=FlightController Member=SW_RST
Change Component Footprint: Designator=SW_BOOT Old Footprint=TECO-FSM4JSMA_V New Footprint=FP-EVQ-Q2H03W-MFG
Change Component Comment : Designator=SW_BOOT Old Comment=FSM4JSMA New Comment=EVQ-Q2H03W
Change Managed Component Library Link : Designator=SW_BOOT Old VaultGUID=B7D15EC3-160A-466F-A46C-7801FE6295A7 New VaultGUID=B7D15EC3-160A-466F-A46C-7801FE6295A7 Old ItemGUID=1242267A-7A34-434B-9135-AF01B755E257 New ItemGUID=2A9EFA7C-532B-4215-8407-9E2C743215C2 Old RevisionGUID=7E1FDC81-797E-48FD-B767-8612A940C398 New RevisionGUID=EDB6DD1B-844D-43F4-A13C-6C8334DB44BE
Change component parameters: Designator = "SW_BOOT" ("SW_BOOT"); Footprint = "TECO-FSM4JSMA_V"; UniqueID = "\FRXDNIYP" ("\FRXDNIYP")
Change component parameters (AddParameter): Name = "Automotive"; Value = "No"; VariantName = "[No Variations]"
Change component parameters (AddParameter): Name = "Category"; Value = "Switch"; VariantName = "[No Variations]"
Change component parameters (AddParameter): Name = "ComponentLink2Description"; Value = "Datasheet"; VariantName = "[No Variations]"
Change component parameters (AddParameter): Name = "ComponentLink2URL"; Value = "https://industrial.panasonic.com/ac/cdn/e/control/switch/light-touch/catalog/sw_lt_eng_6s_th.pdf"; VariantName = "[No Variations]"
Change component parameters (AddParameter): Name = "Contact Current Rating"; Value = "20mA"; VariantName = "[No Variations]"
Change component parameters (AddParameter): Name = "Contact Resistance"; Value = "100mO"; VariantName = "[No Variations]"
Change component parameters (AddParameter): Name = "Device Class L1"; Value = "Electromechanical"; VariantName = "[No Variations]"
Change component parameters (AddParameter): Name = "Device Class L2"; Value = "Switches"; VariantName = "[No Variations]"
Change component parameters (AddParameter): Name = "Device Class L3"; Value = "Tactile Switches"; VariantName = "[No Variations]"
Change component parameters (AddParameter): Name = "Digikey Description"; Value = "SWITCH TACTILE SPST-NO 0.02A 15V"; VariantName = "[No Variations]"
Change component parameters (AddParameter): Name = "Electromechanical Life"; Value = "1000000Cycles"; VariantName = "[No Variations]"
Change component parameters (AddParameter): Name = "Height"; Value = "3.3mm"; VariantName = "[No Variations]"
Change component parameters (AddParameter): Name = "Lead Free"; Value = "Yes"; VariantName = "[No Variations]"
Change component parameters (AddParameter): Name = "Manufacturer"; Value = "Panasonic Electronic Components"; VariantName = "[No Variations]"
Change component parameters (AddParameter): Name = "Manufacturer Part Number"; Value = "EVQ-Q2H03W"; VariantName = "[No Variations]"
Change component parameters (AddParameter): Name = "Mount"; Value = "Surface Mount"; VariantName = "[No Variations]"
Change component parameters (AddParameter): Name = "Mouser Description"; Value = "Switch Tactile ON OFF SPST Round Button J-Bend 0.02A 15VDC 1N SMD Embossed T/R"; VariantName = "[No Variations]"
Change component parameters (AddParameter): Name = "Octopart"; Value = "https://octopart.com/evq-q2h03w-panasonic-1368538"; VariantName = "[No Variations]"
Change component parameters (AddParameter): Name = "Operating Force"; Value = "1N"; VariantName = "[No Variations]"
Change component parameters (AddParameter): Name = "Package"; Value = "0"; VariantName = "[No Variations]"
Change component parameters (AddParameter): Name = "RoHS"; Value = "TRUE"; VariantName = "[No Variations]"
Change component parameters (AddParameter): Name = "Temperature"; Value = "-40°C to +85°C"; VariantName = "[No Variations]"
Change component parameters (AddParameter): Name = "Temperature Range High"; Value = "+85°C"; VariantName = "[No Variations]"
Change component parameters (AddParameter): Name = "Temperature Range Low"; Value = "-40°C"; VariantName = "[No Variations]"
Change component parameters (AddParameter): Name = "Throw Configuration"; Value = "SPST-NO"; VariantName = "[No Variations]"
Change component parameters (AddParameter): Name = "Voltage Rating Dc"; Value = "15V"; VariantName = "[No Variations]"
Add Component: Footprint Not Found 0805
Add Component: Footprint Not Found 0805
Add Component: Footprint Not Found 0805
Add Component: Footprint Not Found 0805
Add Component: Footprint Not Found 0805
Add Component: Footprint Not Found 0805
Add Component: Footprint Not Found 0805
Add Component: Footprint Not Found 0805
Add Component: Footprint Not Found 0805
Add Component: Footprint Not Found 0805
Add Component: Footprint Not Found 0805
Add Component: Footprint Not Found 0805
Add Component: Footprint Not Found 0805
Add Component: Footprint Not Found 0805
Add Component: Footprint Not Found 0805
Add Component: Footprint Not Found 0805
Add Component: Footprint Not Found 0805
Add Component: Footprint Not Found 0805
Add Component: Footprint Not Found 0805
Add Component: Footprint Not Found 0805
Add Component: Footprint Not Found 0805
Add Component: Footprint Not Found 0805
Add Component: Footprint Not Found 0805
Add Component: Footprint Not Found 0805
Add Component: Footprint Not Found 0402
Add Component: Footprint Not Found 0402
Add Component: Footprint Not Found 0402
Add Component: Footprint Not Found 0402
Add Component: Footprint Not Found 0402
Add Component: Footprint Not Found 0402
Add Component: Footprint Not Found 0402
Add Component: Footprint Not Found 0402
Add Component: Footprint Not Found 0402
Add Component: Footprint Not Found 0402
Add Component: Footprint Not Found 0402
Add Component: Footprint Not Found 0402
Add Component: Footprint Not Found 0402
Add Component: Footprint Not Found 0402
Add Component: Footprint Not Found 0402
Added Component: Designator=SW_RESET(FP-EVQ-Q2H03W-MFG)
Add component (AddParameter): Name = "Automotive"; Value = "No"; VariantName = "[No Variations]"
Add component (AddParameter): Name = "Category"; Value = "Switch"; VariantName = "[No Variations]"
Add component (AddParameter): Name = "ComponentLink2Description"; Value = "Datasheet"; VariantName = "[No Variations]"
Add component (AddParameter): Name = "ComponentLink2URL"; Value = "https://industrial.panasonic.com/ac/cdn/e/control/switch/light-touch/catalog/sw_lt_eng_6s_th.pdf"; VariantName = "[No Variations]"
Add component (AddParameter): Name = "Contact Current Rating"; Value = "20mA"; VariantName = "[No Variations]"
Add component (AddParameter): Name = "Contact Resistance"; Value = "100mO"; VariantName = "[No Variations]"
Add component (AddParameter): Name = "Device Class L1"; Value = "Electromechanical"; VariantName = "[No Variations]"
Add component (AddParameter): Name = "Device Class L2"; Value = "Switches"; VariantName = "[No Variations]"
Add component (AddParameter): Name = "Device Class L3"; Value = "Tactile Switches"; VariantName = "[No Variations]"
Add component (AddParameter): Name = "Digikey Description"; Value = "SWITCH TACTILE SPST-NO 0.02A 15V"; VariantName = "[No Variations]"
Add component (AddParameter): Name = "Electromechanical Life"; Value = "1000000Cycles"; VariantName = "[No Variations]"
Add component (AddParameter): Name = "Height"; Value = "3.3mm"; VariantName = "[No Variations]"
Add component (AddParameter): Name = "Lead Free"; Value = "Yes"; VariantName = "[No Variations]"
Add component (AddParameter): Name = "Manufacturer"; Value = "Panasonic Electronic Components"; VariantName = "[No Variations]"
Add component (AddParameter): Name = "Manufacturer Part Number"; Value = "EVQ-Q2H03W"; VariantName = "[No Variations]"
Add component (AddParameter): Name = "Mount"; Value = "Surface Mount"; VariantName = "[No Variations]"
Add component (AddParameter): Name = "Mouser Description"; Value = "Switch Tactile ON OFF SPST Round Button J-Bend 0.02A 15VDC 1N SMD Embossed T/R"; VariantName = "[No Variations]"
Add component (AddParameter): Name = "Octopart"; Value = "https://octopart.com/evq-q2h03w-panasonic-1368538"; VariantName = "[No Variations]"
Add component (AddParameter): Name = "Operating Force"; Value = "1N"; VariantName = "[No Variations]"
Add component (AddParameter): Name = "Package"; Value = "0"; VariantName = "[No Variations]"
Add component (AddParameter): Name = "RoHS"; Value = "TRUE"; VariantName = "[No Variations]"
Add component (AddParameter): Name = "Temperature"; Value = "-40°C to +85°C"; VariantName = "[No Variations]"
Add component (AddParameter): Name = "Temperature Range High"; Value = "+85°C"; VariantName = "[No Variations]"
Add component (AddParameter): Name = "Temperature Range Low"; Value = "-40°C"; VariantName = "[No Variations]"
Add component (AddParameter): Name = "Throw Configuration"; Value = "SPST-NO"; VariantName = "[No Variations]"
Add component (AddParameter): Name = "Voltage Rating Dc"; Value = "15V"; VariantName = "[No Variations]"
Add Pin To Net: Unknown Pin: Pin C1-1
Add Pin To Net: Unknown Pin: Pin C1-2
Add Pin To Net: Unknown Pin: Pin C2-1
Add Pin To Net: Unknown Pin: Pin C2-2
Add Pin To Net: Unknown Pin: Pin C3-1
Add Pin To Net: Unknown Pin: Pin C3-2
Add Pin To Net: Unknown Pin: Pin C4-1
Add Pin To Net: Unknown Pin: Pin C4-2
Add Pin To Net: Unknown Pin: Pin C5-1
Add Pin To Net: Unknown Pin: Pin C5-2
Add Pin To Net: Unknown Pin: Pin C6-1
Add Pin To Net: Unknown Pin: Pin C6-2
Add Pin To Net: Unknown Pin: Pin C6_G-1
Add Pin To Net: Unknown Pin: Pin C6_G-2
Add Pin To Net: Unknown Pin: Pin C7-1
Add Pin To Net: Unknown Pin: Pin C7-2
Add Pin To Net: Unknown Pin: Pin C8-1
Add Pin To Net: Unknown Pin: Pin C8-2
Add Pin To Net: Unknown Pin: Pin C9-1
Add Pin To Net: Unknown Pin: Pin C9-2
Add Pin To Net: Unknown Pin: Pin C10-1
Add Pin To Net: Unknown Pin: Pin C10-2
Add Pin To Net: Unknown Pin: Pin C11-1
Add Pin To Net: Unknown Pin: Pin C11-2
Add Pin To Net: Unknown Pin: Pin C13_G-1
Add Pin To Net: Unknown Pin: Pin C13_G-2
Add Pin To Net: Unknown Pin: Pin C16_VREG-1
Add Pin To Net: Unknown Pin: Pin C16_VREG-2
Add Pin To Net: Unknown Pin: Pin C17_VREG-1
Add Pin To Net: Unknown Pin: Pin C17_VREG-2
Add Pin To Net: Unknown Pin: Pin C20-2
Add Pin To Net: Unknown Pin: Pin C30-1
Add Pin To Net: Unknown Pin: Pin C30-2
Add Pin To Net: Unknown Pin: Pin C50-1
Add Pin To Net: Unknown Pin: Pin C50-2
Add Pin To Net: Unknown Pin: Pin C70-1
Add Pin To Net: Unknown Pin: Pin C70-2
Add Pin To Net: Unknown Pin: Pin C90-1
Add Pin To Net: Unknown Pin: Pin C90-2
Add Pin To Net: Unknown Pin: Pin C100-1
Add Pin To Net: Unknown Pin: Pin C100-2
Add Pin To Net: Unknown Pin: Pin C110-1
Add Pin To Net: Unknown Pin: Pin C110-2
Add Pin To Net: Unknown Pin: Pin C_IN5v-1
Add Pin To Net: Unknown Pin: Pin C_IN5v-2
Add Pin To Net: Unknown Pin: Pin C_OUT5v-1
Add Pin To Net: Unknown Pin: Pin C_OUT5v-2
Add Pin To Net: Unknown Pin: Pin R2_G-1
Add Pin To Net: Unknown Pin: Pin R2_G-2
Add Pin To Net: Unknown Pin: Pin R3_USB-1
Add Pin To Net: Unknown Pin: Pin R3_USB-2
Add Pin To Net: Unknown Pin: Pin R4_LED-1
Add Pin To Net: Unknown Pin: Pin R4_LED-2
Add Pin To Net: Unknown Pin: Pin R5_LED-1
Add Pin To Net: Unknown Pin: Pin R5_LED-2
Add Pin To Net: Unknown Pin: Pin R6_USB-1
Add Pin To Net: Unknown Pin: Pin R6_USB-2
Add Pin To Net: Unknown Pin: Pin R8-1
Add Pin To Net: Unknown Pin: Pin R8-2
Add Pin To Net: Unknown Pin: Pin R9-1
Add Pin To Net: Unknown Pin: Pin R9-2
Add Pin To Net: Unknown Pin: Pin R9_LED-1
Add Pin To Net: Unknown Pin: Pin R9_LED-2
Add Pin To Net: Unknown Pin: Pin R10_LED-1
Add Pin To Net: Unknown Pin: Pin R10_LED-2
Add Pin To Net: Unknown Pin: Pin R20-1
Add Pin To Net: Unknown Pin: Pin R20-2
Add Pin To Net: Unknown Pin: Pin R30-1
Add Pin To Net: Unknown Pin: Pin R30-2
Add Pin To Net: Unknown Pin: Pin R40-1
Add Pin To Net: Unknown Pin: Pin R40-2
Add Pin To Net: Unknown Pin: Pin R50-1
Add Pin To Net: Unknown Pin: Pin R50-2
Add Pin To Net: Unknown Pin: Pin R60-1
Add Pin To Net: Unknown Pin: Pin R60-2
Add Pin To Net: Unknown Pin: Pin R70-1
Add Pin To Net: Unknown Pin: Pin R70-2
Added Pin To Net: NetName=VideoOut Pin=SW_BOOT-1
Added Pin To Net: NetName=NetR9_2 Pin=SW_BOOT-A
Added Pin To Net: NetName=GYRO_1_CS Pin=SW_BOOT-B
Added Pin To Net: NetName=VideoOut Pin=SW_RESET-1
Added Pin To Net: NetName=NetR8_2 Pin=SW_RESET-A
Added Pin To Net: NetName=GYRO_1_CS Pin=SW_RESET-B
Add Class Member: Failed to add class member : Component C1 Capacitor
Add Class Member: Failed to add class member : Component C2 Capacitor
Add Class Member: Failed to add class member : Component C3 Capacitor
Add Class Member: Failed to add class member : Component C4 Capacitor
Add Class Member: Failed to add class member : Component C5 Capacitor
Add Class Member: Failed to add class member : Component C6_G Capacitor
Add Class Member: Failed to add class member : Component C6 Capacitor
Add Class Member: Failed to add class member : Component C7 Capacitor
Add Class Member: Failed to add class member : Component C8 Capacitor
Add Class Member: Failed to add class member : Component C9 Capacitor
Add Class Member: Failed to add class member : Component C10 Capacitor
Add Class Member: Failed to add class member : Component C11 Capacitor
Add Class Member: Failed to add class member : Component C13_G Capacitor
Add Class Member: Failed to add class member : Component C16_VREG Capacitor
Add Class Member: Failed to add class member : Component C17_VREG Capacitor
Add Class Member: Failed to add class member : Component C20 Capacitor
Add Class Member: Failed to add class member : Component C30 Capacitor
Add Class Member: Failed to add class member : Component C50 Capacitor
Add Class Member: Failed to add class member : Component C70 Capacitor
Add Class Member: Failed to add class member : Component C90 Capacitor
Add Class Member: Failed to add class member : Component C100 Capacitor
Add Class Member: Failed to add class member : Component C110 Capacitor
Add Class Member: Failed to add class member : Component C_IN5v Capacitor
Add Class Member: Failed to add class member : Component C_OUT5v Capacitor
Add Class Member: Failed to add class member : Component R2_G Resistor
Add Class Member: Failed to add class member : Component R3_USB Resistor
Add Class Member: Failed to add class member : Component R4_LED Resistor
Add Class Member: Failed to add class member : Component R5_LED Resistor
Add Class Member: Failed to add class member : Component R6_USB Resistor
Add Class Member: Failed to add class member : Component R8 Resistor
Add Class Member: Failed to add class member : Component R9_LED Resistor
Add Class Member: Failed to add class member : Component R9 Resistor
Add Class Member: Failed to add class member : Component R10_LED Resistor
Add Class Member: Failed to add class member : Component R20 Resistor
Add Class Member: Failed to add class member : Component R30 Resistor
Add Class Member: Failed to add class member : Component R40 Resistor
Add Class Member: Failed to add class member : Component R50 Resistor
Add Class Member: Failed to add class member : Component R60 Resistor
Add Class Member: Failed to add class member : Component R70 Resistor
Added Member To Class: ClassName=FlightController Member=Component SW_RESET EVQ-Q2H03W
