Removed Pin From Net: NetName=MAX7456_SPI_CS Pin=R2.2K_1-2
Removed Pin From Net: NetName=MAX7456_SPI_CS Pin=R2.2K_2-2
Removed Pin From Net: NetName=NetC0.1uf_6_1 Pin=U8-3
Removed Pin From Net: NetName=GND Pin=U8-4
Removed Pin From Net: NetName=27MHZ Pin=U8-5
Removed Pin From Net: NetName=27MHZ_XFB Pin=U8-6
Removed Pin From Net: NetName=CLKOUT Pin=U8-7
Removed Pin From Net: NetName=MAX7456_SPI_CS Pin=U8-8
Removed Pin From Net: NetName=SPI2_SDIN Pin=U8-9
Removed Pin From Net: NetName=SPI2_SCK Pin=U8-10
Removed Pin From Net: NetName=SPI2_SDOUT Pin=U8-11
Removed Pin From Net: NetName=NetR2.2K_3_2 Pin=U8-12
Removed Pin From Net: NetName=MAX7456_SPI_CS Pin=U8-17
Removed Pin From Net: NetName=MAX7456_SPI_CS Pin=U8-18
Removed Pin From Net: NetName=GND Pin=U8-20
Removed Pin From Net: NetName=NetC0.1uf_6_1 Pin=U8-21
Removed Pin From Net: NetName=NetC0.1uf_5_2 Pin=U8-22
Removed Pin From Net: NetName=GND Pin=U8-23
Removed Pin From Net: NetName=NetC0.1uf_6_1 Pin=U8-24
Removed Pin From Net: NetName=NetC22uf_4_1 Pin=U8-25
Removed Pin From Net: NetName=NetC100uf_3_1 Pin=U8-26
Removed Member From Class: ClassName=FlightController Member=U8
Change Component Designator: OldDesignator=  NewDesignator=R4_LED
Added Component: Designator=U?(FP-U28E-5-MFG)
Add component (AddParameter): Name = "Automotive"; Value = "No"; VariantName = "[No Variations]"
Add component (AddParameter): Name = "Category"; Value = "IC"; VariantName = "[No Variations]"
Add component (AddParameter): Name = "ComponentLink2Description"; Value = "Datasheet"; VariantName = "[No Variations]"
Add component (AddParameter): Name = "ComponentLink2URL"; Value = "https://datasheets.maximintegrated.com/en/ds/MAX7456.pdf"; VariantName = "[No Variations]"
Add component (AddParameter): Name = "Device Class L1"; Value = "Integrated Circuits (ICs)"; VariantName = "[No Variations]"
Add component (AddParameter): Name = "Device Class L2"; Value = "Interface ICs"; VariantName = "[No Variations]"
Add component (AddParameter): Name = "Device Class L3"; Value = "unset"; VariantName = "[No Variations]"
Add component (AddParameter): Name = "Digikey Description"; Value = "IC DISPLAY 1CH W/EEPROM 28TSSOP"; VariantName = "[No Variations]"
Add component (AddParameter): Name = "Footprint Url"; Value = "https://pdfserv.maximintegrated.com/package_dwgs/21-0108.PDF"; VariantName = "[No Variations]"
Add component (AddParameter): Name = "Height"; Value = "1.1mm"; VariantName = "[No Variations]"
Add component (AddParameter): Name = "Interface"; Value = "SPI"; VariantName = "[No Variations]"
Add component (AddParameter): Name = "Ipc Land Pattern Name"; Value = "SOP65P638X110-28"; VariantName = "[No Variations]"
Add component (AddParameter): Name = "Lead Free"; Value = "Yes"; VariantName = "[No Variations]"
Add component (AddParameter): Name = "Manufacturer"; Value = "Maxim Integrated"; VariantName = "[No Variations]"
Add component (AddParameter): Name = "Manufacturer Part Number"; Value = "MAX7456EUI+T"; VariantName = "[No Variations]"
Add component (AddParameter): Name = "Max Junction Temp"; Value = "+150°C"; VariantName = "[No Variations]"
Add component (AddParameter): Name = "Max Supply Voltage"; Value = "5.25V"; VariantName = "[No Variations]"
Add component (AddParameter): Name = "Min Supply Voltage"; Value = "4.75V"; VariantName = "[No Variations]"
Add component (AddParameter): Name = "Nominal Supply Current"; Value = "24-58mA"; VariantName = "[No Variations]"
Add component (AddParameter): Name = "Obsolete Part"; Value = "true"; VariantName = "[No Variations]"
Add component (AddParameter): Name = "Octopart"; Value = "https://octopart.com/max7456eui%2Bt-maxim+integrated-42626431"; VariantName = "[No Variations]"
Add component (AddParameter): Name = "Package"; Value = "U28E-5"; VariantName = "[No Variations]"
Add component (AddParameter): Name = "RoHS"; Value = "TRUE"; VariantName = "[No Variations]"
Add component (AddParameter): Name = "Standoff Height"; Value = "0.05mm"; VariantName = "[No Variations]"
Add component (AddParameter): Name = "Temperature"; Value = "-40°C to +85°C"; VariantName = "[No Variations]"
Add component (AddParameter): Name = "Temperature Range High"; Value = "+85°C"; VariantName = "[No Variations]"
Add component (AddParameter): Name = "Temperature Range Low"; Value = "-40°C"; VariantName = "[No Variations]"
Added Pin To Net: NetName=VideoIn Pin=R100K_1-2
Added Pin To Net: NetName=NetC0.1uf_6_1 Pin=U?-3
Added Pin To Net: NetName=NetC0.1uf_6_1 Pin=U?-4
Added Pin To Net: NetName=27MHZ Pin=U?-5
Added Pin To Net: NetName=27MHZ_XFB Pin=U?-6
Added Pin To Net: NetName=CLKOUT Pin=U?-7
Added Pin To Net: NetName=MAX7456_SPI_CS Pin=U?-8
Added Pin To Net: NetName=SPI2_SDIN Pin=U?-9
Added Pin To Net: NetName=SPI2_SCK Pin=U?-10
Added Pin To Net: NetName=SPI2_SDOUT Pin=U?-11
Added Pin To Net: NetName=NetR2.2K_3_2 Pin=U?-18
Added Pin To Net: NetName=GND Pin=U?-20
Added Pin To Net: NetName=NetC0.1uf_6_1 Pin=U?-21
Added Pin To Net: NetName=NetC0.1uf_5_2 Pin=U?-22
Added Pin To Net: NetName=GND Pin=U?-23
Added Pin To Net: NetName=NetC0.1uf_6_1 Pin=U?-24
Added Pin To Net: NetName=NetC22uf_4_1 Pin=U?-25
Added Pin To Net: NetName=NetC100uf_3_1 Pin=U?-26
Added Pin To Net: NetName=NetR2.2K_1_2 Pin=R2.2K_1-2
Added Pin To Net: NetName=NetR2.2K_1_2 Pin=U?-12
Added Net: Name=NetR2.2K_1_2
Added Pin To Net: NetName=NetR2.2K_2_2 Pin=R2.2K_2-2
Added Pin To Net: NetName=NetR2.2K_2_2 Pin=U?-17
Added Net: Name=NetR2.2K_2_2
Added Member To Class: ClassName=FlightController Member=Component U? MAX7456EUI+T
